[debug] [2022-09-01T09:07:35.602Z] ----------------------------------------------------------------------
[debug] [2022-09-01T09:07:35.604Z] Command:       C:\Program Files\nodejs\node.exe C:\Users\Vladislav Safarov\AppData\Roaming\npm\node_modules\firebase-tools\lib\bin\firebase.js init
[debug] [2022-09-01T09:07:35.604Z] CLI Version:   11.8.0
[debug] [2022-09-01T09:07:35.604Z] Platform:      win32
[debug] [2022-09-01T09:07:35.604Z] Node Version:  v16.16.0
[debug] [2022-09-01T09:07:35.605Z] Time:          Thu Sep 01 2022 13:07:35 GMT+0400 (GMT+04:00)
[debug] [2022-09-01T09:07:35.606Z] ----------------------------------------------------------------------
[debug] 
[debug] [2022-09-01T09:07:35.658Z] > command requires scopes: ["email","openid","https://www.googleapis.com/auth/cloudplatformprojects.readonly","https://www.googleapis.com/auth/firebase","https://www.googleapis.com/auth/cloud-platform"]
[debug] [2022-09-01T09:07:35.658Z] > authorizing via signed-in user (vladsafarov46@gmail.com)
[info] 
     ######## #### ########  ######## ########     ###     ######  ########
     ##        ##  ##     ## ##       ##     ##  ##   ##  ##       ##
     ######    ##  ########  ######   ########  #########  ######  ######
     ##        ##  ##    ##  ##       ##     ## ##     ##       ## ##
     ##       #### ##     ## ######## ########  ##     ##  ######  ########

You're about to initialize a Firebase project in this directory:

  C:\Users\Vladislav Safarov\WebstormProjects\ANG_ULTIMATE_COURSE\FITNESS_ORG

Before we get started, keep in mind:

  * You are initializing within an existing Firebase project directory

[info] 
=== Project Setup
[info] 
[info] First, let's associate this project directory with a Firebase project.
[info] You can create multiple project aliases by running firebase use --add, 
[info] but for now we'll just set up a default project.
[info] 
[debug] [2022-09-01T09:07:54.786Z] Using project from CLI flag: fitness-org
[debug] [2022-09-01T09:07:54.787Z] > refreshing access token with scopes: []
[debug] [2022-09-01T09:07:54.789Z] >>> [apiv2][query] POST https://www.googleapis.com/oauth2/v3/token [none]
[debug] [2022-09-01T09:07:54.789Z] >>> [apiv2][body] POST https://www.googleapis.com/oauth2/v3/token [omitted]
[debug] [2022-09-01T09:07:55.007Z] <<< [apiv2][status] POST https://www.googleapis.com/oauth2/v3/token 200
[debug] [2022-09-01T09:07:55.007Z] <<< [apiv2][body] POST https://www.googleapis.com/oauth2/v3/token [omitted]
[debug] [2022-09-01T09:07:55.023Z] >>> [apiv2][query] GET https://firebase.googleapis.com/v1beta1/projects/fitness-org [none]
[debug] [2022-09-01T09:07:55.408Z] <<< [apiv2][status] GET https://firebase.googleapis.com/v1beta1/projects/fitness-org 200
[debug] [2022-09-01T09:07:55.408Z] <<< [apiv2][body] GET https://firebase.googleapis.com/v1beta1/projects/fitness-org {"projectId":"fitness-org","projectNumber":"559502421735","displayName":"Fitness org","name":"projects/fitness-org","resources":{"hostingSite":"fitness-org","realtimeDatabaseInstance":"fitness-org-default-rtdb"},"state":"ACTIVE","etag":"1_807f85b3-7ca5-46e1-a3a0-c06901bff11c"}
[info] i  Using project fitness-org (Fitness org) 
[info] 
=== Database Setup
[info] i  database: ensuring required API firebasedatabase.googleapis.com is enabled... 
[debug] [2022-09-01T09:07:55.422Z] >>> [apiv2][query] GET https://serviceusage.googleapis.com/v1/projects/fitness-org/services/firebasedatabase.googleapis.com [none]
[debug] [2022-09-01T09:07:56.446Z] <<< [apiv2][status] GET https://serviceusage.googleapis.com/v1/projects/fitness-org/services/firebasedatabase.googleapis.com 200
[debug] [2022-09-01T09:07:56.446Z] <<< [apiv2][body] GET https://serviceusage.googleapis.com/v1/projects/fitness-org/services/firebasedatabase.googleapis.com [omitted]
[info] +  database: required API firebasedatabase.googleapis.com is enabled 
[info] 
[debug] [2022-09-01T09:07:56.447Z] >>> [apiv2][query] GET https://firebasedatabase.googleapis.com/v1beta/projects/fitness-org/locations/-/instances/fitness-org-default-rtdb [none]
[debug] [2022-09-01T09:07:56.930Z] <<< [apiv2][status] GET https://firebasedatabase.googleapis.com/v1beta/projects/fitness-org/locations/-/instances/fitness-org-default-rtdb 200
[debug] [2022-09-01T09:07:56.930Z] <<< [apiv2][body] GET https://firebasedatabase.googleapis.com/v1beta/projects/fitness-org/locations/-/instances/fitness-org-default-rtdb {"name":"projects/559502421735/locations/us-central1/instances/fitness-org-default-rtdb","project":"projects/559502421735","databaseUrl":"https://fitness-org-default-rtdb.firebaseio.com","type":"DEFAULT_DATABASE","state":"ACTIVE"}
[info] 
[info] Firebase Realtime Database Security Rules allow you to define how your data should be
[info] structured and when your data can be read from and written to.
[info] 
[info] Skipping overwrite of Realtime Database Security Rules.
[info] The security rules defined in database.rules.json will be published when you run firebase deploy.
[info] 
=== Hosting Setup
[info] 
[info] Your public directory is the folder (relative to your project directory) that
[info] will contain Hosting assets to be uploaded with firebase deploy. If you
[info] have a build process for your assets, use your build's output directory.
[info] 
[debug] [2022-09-01T09:08:13.684Z] >>> [apiv2][query] GET https://www.gstatic.com/firebasejs/releases.json [none]
[debug] [2022-09-01T09:08:13.824Z] <<< [apiv2][status] GET https://www.gstatic.com/firebasejs/releases.json 200
[debug] [2022-09-01T09:08:13.825Z] <<< [apiv2][body] GET https://www.gstatic.com/firebasejs/releases.json {"current":{"version":"9.9.3","browserURL":"https://www.gstatic.com/firebasejs/9.9.3/firebase.js","packageURL":"https://www.gstatic.com/firebasejs/9.9.3/firebase.tgz"},"live":{"version":"9.9","browserURL":"https://www.gstatic.com/firebasejs/live/9.9/firebase.js","packageURL":"https://www.gstatic.com/firebasejs/live/9.9/firebase.tgz"},"components":{"analytics":"https://www.gstatic.com/firebasejs/9.9.3/firebase-analytics.js","app":"https://www.gstatic.com/firebasejs/9.9.3/firebase-app.js","app-check":"https://www.gstatic.com/firebasejs/9.9.3/firebase-app-check.js","auth":"https://www.gstatic.com/firebasejs/9.9.3/firebase-auth.js","auth/cordova":"https://www.gstatic.com/firebasejs/9.9.3/firebase-auth/cordova.js","auth/react-native":"https://www.gstatic.com/firebasejs/9.9.3/firebase-auth/react-native.js","functions":"https://www.gstatic.com/firebasejs/9.9.3/firebase-functions.js","firestore":"https://www.gstatic.com/firebasejs/9.9.3/firebase-firestore.js","firestore/lite":"https://www.gstatic.com/firebasejs/9.9.3/firebase-firestore/lite.js","installations":"https://www.gstatic.com/firebasejs/9.9.3/firebase-installations.js","storage":"https://www.gstatic.com/firebasejs/9.9.3/firebase-storage.js","performance":"https://www.gstatic.com/firebasejs/9.9.3/firebase-performance.js","remote-config":"https://www.gstatic.com/firebasejs/9.9.3/firebase-remote-config.js","messaging":"https://www.gstatic.com/firebasejs/9.9.3/firebase-messaging.js","messaging/sw":"https://www.gstatic.com/firebasejs/9.9.3/firebase-messaging/sw.js","database":"https://www.gstatic.com/firebasejs/9.9.3/firebase-database.js","firestore.memory":"https://www.gstatic.com/firebasejs/9.9.3/firebase-firestore.memory.js"}}
[info] +  Wrote y/index.html 
[info] 
[info] i  Detected a .git folder at C:\Users\Vladislav Safarov\WebstormProjects\ANG_ULTIMATE_COURSE 
[info] i  Authorizing with GitHub to upload your service account to a GitHub repository's secrets store. 
[info] 
[info] Visit this URL on this device to log in:
[info] https://github.com/login/oauth/authorize?client_id=89cf50f02ac6aaed3484&state=459525870&redirect_uri=http%3A%2F%2Flocalhost%3A9005&scope=read%3Auser%20repo%20public_repo
[info] 
[info] Waiting for authentication...
[debug] [2022-09-01T09:08:14.456Z] >>> [apiv2][query] POST https://github.com/login/oauth/access_token [none]
[debug] [2022-09-01T09:08:14.456Z] >>> [apiv2][body] POST https://github.com/login/oauth/access_token [stream]
[debug] [2022-09-01T09:08:14.874Z] <<< [apiv2][status] POST https://github.com/login/oauth/access_token 200
[debug] [2022-09-01T09:08:14.874Z] <<< [apiv2][body] POST https://github.com/login/oauth/access_token {"access_token":"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","token_type":"bearer","scope":"read:user,repo"}
[debug] [2022-09-01T09:08:14.876Z] >>> [apiv2][query] GET https://api.github.com/user [none]
[debug] [2022-09-01T09:08:15.313Z] <<< [apiv2][status] GET https://api.github.com/user 200
[debug] [2022-09-01T09:08:15.313Z] <<< [apiv2][body] GET https://api.github.com/user {"login":"HowardRoark96","id":55241607,"node_id":"MDQ6VXNlcjU1MjQxNjA3","avatar_url":"https://avatars.githubusercontent.com/u/55241607?v=4","gravatar_id":"","url":"https://api.github.com/users/HowardRoark96","html_url":"https://github.com/HowardRoark96","followers_url":"https://api.github.com/users/HowardRoark96/followers","following_url":"https://api.github.com/users/HowardRoark96/following{/other_user}","gists_url":"https://api.github.com/users/HowardRoark96/gists{/gist_id}","starred_url":"https://api.github.com/users/HowardRoark96/starred{/owner}{/repo}","subscriptions_url":"https://api.github.com/users/HowardRoark96/subscriptions","organizations_url":"https://api.github.com/users/HowardRoark96/orgs","repos_url":"https://api.github.com/users/HowardRoark96/repos","events_url":"https://api.github.com/users/HowardRoark96/events{/privacy}","received_events_url":"https://api.github.com/users/HowardRoark96/received_events","type":"User","site_admin":false,"name":"Vladislav","company":null,"blog":"","location":null,"email":null,"hireable":null,"bio":null,"twitter_username":null,"public_repos":6,"public_gists":0,"followers":0,"following":0,"created_at":"2019-09-12T12:46:55Z","updated_at":"2022-08-20T14:24:47Z","private_gists":0,"total_private_repos":0,"owned_private_repos":0,"disk_usage":6663,"collaborators":0,"two_factor_authentication":false,"plan":{"name":"free","space":976562499,"collaborators":0,"private_repos":10000}}
[info] 
[info] +  Success! Logged into GitHub as HowardRoark96 
[info] 
